C:\PROJECTS\BLUETOOTH_CAR\SATURDAYDEBUG\DEBUG\SATURDAYDEBUG.EXE
C:\PROJECTS\BLUETOOTH_CAR\SATURDAYDEBUG\DEBUG\SATURDAYDEBUG.ILK
C:\PROJECTS\BLUETOOTH_CAR\SATURDAYDEBUG\DEBUG\SATURDAYDEBUG.PDB
C:\PROJECTS\BLUETOOTH_CAR\SATURDAYDEBUG\SATURDAYDEBUG\DEBUG\.NETFRAMEWORK,VERSION=V4.0.ASSEMBLYATTRIBUTES.OBJ
C:\PROJECTS\BLUETOOTH_CAR\SATURDAYDEBUG\SATURDAYDEBUG\DEBUG\APP.RES
C:\PROJECTS\BLUETOOTH_CAR\SATURDAYDEBUG\SATURDAYDEBUG\DEBUG\ASSEMBLYINFO.OBJ
C:\Projects\Bluetooth_Car\SaturdayDebug\SaturdayDebug\Debug\cl.command.1.tlog
C:\Projects\Bluetooth_Car\SaturdayDebug\SaturdayDebug\Debug\CL.read.1.tlog
C:\Projects\Bluetooth_Car\SaturdayDebug\SaturdayDebug\Debug\CL.write.1.tlog
C:\Projects\Bluetooth_Car\SaturdayDebug\SaturdayDebug\Debug\link.33460.read.1.tlog
C:\Projects\Bluetooth_Car\SaturdayDebug\SaturdayDebug\Debug\link.33460.write.1.tlog
C:\Projects\Bluetooth_Car\SaturdayDebug\SaturdayDebug\Debug\link.33460-cvtres.read.1.tlog
C:\Projects\Bluetooth_Car\SaturdayDebug\SaturdayDebug\Debug\link.33460-cvtres.write.1.tlog
C:\Projects\Bluetooth_Car\SaturdayDebug\SaturdayDebug\Debug\link.44704.read.1.tlog
C:\Projects\Bluetooth_Car\SaturdayDebug\SaturdayDebug\Debug\link.44704.write.1.tlog
C:\Projects\Bluetooth_Car\SaturdayDebug\SaturdayDebug\Debug\link.44704-cvtres.read.1.tlog
C:\Projects\Bluetooth_Car\SaturdayDebug\SaturdayDebug\Debug\link.44704-cvtres.write.1.tlog
C:\Projects\Bluetooth_Car\SaturdayDebug\SaturdayDebug\Debug\link.44716.read.1.tlog
C:\Projects\Bluetooth_Car\SaturdayDebug\SaturdayDebug\Debug\link.44716.write.1.tlog
C:\Projects\Bluetooth_Car\SaturdayDebug\SaturdayDebug\Debug\link.44716-cvtres.read.1.tlog
C:\Projects\Bluetooth_Car\SaturdayDebug\SaturdayDebug\Debug\link.44716-cvtres.write.1.tlog
C:\Projects\Bluetooth_Car\SaturdayDebug\SaturdayDebug\Debug\link.47376.read.1.tlog
C:\Projects\Bluetooth_Car\SaturdayDebug\SaturdayDebug\Debug\link.47376.write.1.tlog
C:\Projects\Bluetooth_Car\SaturdayDebug\SaturdayDebug\Debug\link.47376-cvtres.read.1.tlog
C:\Projects\Bluetooth_Car\SaturdayDebug\SaturdayDebug\Debug\link.47376-cvtres.write.1.tlog
C:\Projects\Bluetooth_Car\SaturdayDebug\SaturdayDebug\Debug\link.47440.read.1.tlog
C:\Projects\Bluetooth_Car\SaturdayDebug\SaturdayDebug\Debug\link.47440.write.1.tlog
C:\Projects\Bluetooth_Car\SaturdayDebug\SaturdayDebug\Debug\link.47440-cvtres.read.1.tlog
C:\Projects\Bluetooth_Car\SaturdayDebug\SaturdayDebug\Debug\link.47440-cvtres.write.1.tlog
C:\Projects\Bluetooth_Car\SaturdayDebug\SaturdayDebug\Debug\link.49664.read.1.tlog
C:\Projects\Bluetooth_Car\SaturdayDebug\SaturdayDebug\Debug\link.49664.write.1.tlog
C:\Projects\Bluetooth_Car\SaturdayDebug\SaturdayDebug\Debug\link.49664-cvtres.read.1.tlog
C:\Projects\Bluetooth_Car\SaturdayDebug\SaturdayDebug\Debug\link.49664-cvtres.write.1.tlog
C:\Projects\Bluetooth_Car\SaturdayDebug\SaturdayDebug\Debug\link.51156.read.1.tlog
C:\Projects\Bluetooth_Car\SaturdayDebug\SaturdayDebug\Debug\link.51156.write.1.tlog
C:\Projects\Bluetooth_Car\SaturdayDebug\SaturdayDebug\Debug\link.51156-cvtres.read.1.tlog
C:\Projects\Bluetooth_Car\SaturdayDebug\SaturdayDebug\Debug\link.51156-cvtres.write.1.tlog
C:\Projects\Bluetooth_Car\SaturdayDebug\SaturdayDebug\Debug\link.51744.read.1.tlog
C:\Projects\Bluetooth_Car\SaturdayDebug\SaturdayDebug\Debug\link.51744.write.1.tlog
C:\Projects\Bluetooth_Car\SaturdayDebug\SaturdayDebug\Debug\link.51744-cvtres.read.1.tlog
C:\Projects\Bluetooth_Car\SaturdayDebug\SaturdayDebug\Debug\link.51744-cvtres.write.1.tlog
C:\Projects\Bluetooth_Car\SaturdayDebug\SaturdayDebug\Debug\link.53304.read.1.tlog
C:\Projects\Bluetooth_Car\SaturdayDebug\SaturdayDebug\Debug\link.53304.write.1.tlog
C:\Projects\Bluetooth_Car\SaturdayDebug\SaturdayDebug\Debug\link.53304-cvtres.read.1.tlog
C:\Projects\Bluetooth_Car\SaturdayDebug\SaturdayDebug\Debug\link.53304-cvtres.write.1.tlog
C:\Projects\Bluetooth_Car\SaturdayDebug\SaturdayDebug\Debug\link.53380.read.1.tlog
C:\Projects\Bluetooth_Car\SaturdayDebug\SaturdayDebug\Debug\link.53380.write.1.tlog
C:\Projects\Bluetooth_Car\SaturdayDebug\SaturdayDebug\Debug\link.53380-cvtres.read.1.tlog
C:\Projects\Bluetooth_Car\SaturdayDebug\SaturdayDebug\Debug\link.53380-cvtres.write.1.tlog
C:\Projects\Bluetooth_Car\SaturdayDebug\SaturdayDebug\Debug\link.53452.read.1.tlog
C:\Projects\Bluetooth_Car\SaturdayDebug\SaturdayDebug\Debug\link.53452.write.1.tlog
C:\Projects\Bluetooth_Car\SaturdayDebug\SaturdayDebug\Debug\link.53452-cvtres.read.1.tlog
C:\Projects\Bluetooth_Car\SaturdayDebug\SaturdayDebug\Debug\link.53452-cvtres.write.1.tlog
C:\Projects\Bluetooth_Car\SaturdayDebug\SaturdayDebug\Debug\link.53756.read.1.tlog
C:\Projects\Bluetooth_Car\SaturdayDebug\SaturdayDebug\Debug\link.53756.write.1.tlog
C:\Projects\Bluetooth_Car\SaturdayDebug\SaturdayDebug\Debug\link.53756-cvtres.read.1.tlog
C:\Projects\Bluetooth_Car\SaturdayDebug\SaturdayDebug\Debug\link.53756-cvtres.write.1.tlog
C:\Projects\Bluetooth_Car\SaturdayDebug\SaturdayDebug\Debug\link.54276.read.1.tlog
C:\Projects\Bluetooth_Car\SaturdayDebug\SaturdayDebug\Debug\link.54276.write.1.tlog
C:\Projects\Bluetooth_Car\SaturdayDebug\SaturdayDebug\Debug\link.54276-cvtres.read.1.tlog
C:\Projects\Bluetooth_Car\SaturdayDebug\SaturdayDebug\Debug\link.54276-cvtres.write.1.tlog
C:\Projects\Bluetooth_Car\SaturdayDebug\SaturdayDebug\Debug\link.55200.read.1.tlog
C:\Projects\Bluetooth_Car\SaturdayDebug\SaturdayDebug\Debug\link.55200.write.1.tlog
C:\Projects\Bluetooth_Car\SaturdayDebug\SaturdayDebug\Debug\link.55200-cvtres.read.1.tlog
C:\Projects\Bluetooth_Car\SaturdayDebug\SaturdayDebug\Debug\link.55200-cvtres.write.1.tlog
C:\Projects\Bluetooth_Car\SaturdayDebug\SaturdayDebug\Debug\link.55568.read.1.tlog
C:\Projects\Bluetooth_Car\SaturdayDebug\SaturdayDebug\Debug\link.55568.write.1.tlog
C:\Projects\Bluetooth_Car\SaturdayDebug\SaturdayDebug\Debug\link.55568-cvtres.read.1.tlog
C:\Projects\Bluetooth_Car\SaturdayDebug\SaturdayDebug\Debug\link.55568-cvtres.write.1.tlog
C:\Projects\Bluetooth_Car\SaturdayDebug\SaturdayDebug\Debug\link.55792.read.1.tlog
C:\Projects\Bluetooth_Car\SaturdayDebug\SaturdayDebug\Debug\link.55792.write.1.tlog
C:\Projects\Bluetooth_Car\SaturdayDebug\SaturdayDebug\Debug\link.55792-cvtres.read.1.tlog
C:\Projects\Bluetooth_Car\SaturdayDebug\SaturdayDebug\Debug\link.55792-cvtres.write.1.tlog
C:\Projects\Bluetooth_Car\SaturdayDebug\SaturdayDebug\Debug\link.55832.read.1.tlog
C:\Projects\Bluetooth_Car\SaturdayDebug\SaturdayDebug\Debug\link.55832.write.1.tlog
C:\Projects\Bluetooth_Car\SaturdayDebug\SaturdayDebug\Debug\link.55832-cvtres.read.1.tlog
C:\Projects\Bluetooth_Car\SaturdayDebug\SaturdayDebug\Debug\link.55832-cvtres.write.1.tlog
C:\Projects\Bluetooth_Car\SaturdayDebug\SaturdayDebug\Debug\link.56456.read.1.tlog
C:\Projects\Bluetooth_Car\SaturdayDebug\SaturdayDebug\Debug\link.56456.write.1.tlog
C:\Projects\Bluetooth_Car\SaturdayDebug\SaturdayDebug\Debug\link.56456-cvtres.read.1.tlog
C:\Projects\Bluetooth_Car\SaturdayDebug\SaturdayDebug\Debug\link.56456-cvtres.write.1.tlog
C:\Projects\Bluetooth_Car\SaturdayDebug\SaturdayDebug\Debug\link.56564.read.1.tlog
C:\Projects\Bluetooth_Car\SaturdayDebug\SaturdayDebug\Debug\link.56564.write.1.tlog
C:\Projects\Bluetooth_Car\SaturdayDebug\SaturdayDebug\Debug\link.56564-cvtres.read.1.tlog
C:\Projects\Bluetooth_Car\SaturdayDebug\SaturdayDebug\Debug\link.56564-cvtres.write.1.tlog
C:\Projects\Bluetooth_Car\SaturdayDebug\SaturdayDebug\Debug\link.56588.read.1.tlog
C:\Projects\Bluetooth_Car\SaturdayDebug\SaturdayDebug\Debug\link.56588.write.1.tlog
C:\Projects\Bluetooth_Car\SaturdayDebug\SaturdayDebug\Debug\link.56588-cvtres.read.1.tlog
C:\Projects\Bluetooth_Car\SaturdayDebug\SaturdayDebug\Debug\link.56588-cvtres.write.1.tlog
C:\Projects\Bluetooth_Car\SaturdayDebug\SaturdayDebug\Debug\link.57208.read.1.tlog
C:\Projects\Bluetooth_Car\SaturdayDebug\SaturdayDebug\Debug\link.57208.write.1.tlog
C:\Projects\Bluetooth_Car\SaturdayDebug\SaturdayDebug\Debug\link.57208-cvtres.read.1.tlog
C:\Projects\Bluetooth_Car\SaturdayDebug\SaturdayDebug\Debug\link.57208-cvtres.write.1.tlog
C:\Projects\Bluetooth_Car\SaturdayDebug\SaturdayDebug\Debug\link.57288.read.1.tlog
C:\Projects\Bluetooth_Car\SaturdayDebug\SaturdayDebug\Debug\link.57288.write.1.tlog
C:\Projects\Bluetooth_Car\SaturdayDebug\SaturdayDebug\Debug\link.57288-cvtres.read.1.tlog
C:\Projects\Bluetooth_Car\SaturdayDebug\SaturdayDebug\Debug\link.57288-cvtres.write.1.tlog
C:\Projects\Bluetooth_Car\SaturdayDebug\SaturdayDebug\Debug\link.57776.read.1.tlog
C:\Projects\Bluetooth_Car\SaturdayDebug\SaturdayDebug\Debug\link.57776.write.1.tlog
C:\Projects\Bluetooth_Car\SaturdayDebug\SaturdayDebug\Debug\link.57776-cvtres.read.1.tlog
C:\Projects\Bluetooth_Car\SaturdayDebug\SaturdayDebug\Debug\link.57776-cvtres.write.1.tlog
C:\Projects\Bluetooth_Car\SaturdayDebug\SaturdayDebug\Debug\link.58164.read.1.tlog
C:\Projects\Bluetooth_Car\SaturdayDebug\SaturdayDebug\Debug\link.58164.write.1.tlog
C:\Projects\Bluetooth_Car\SaturdayDebug\SaturdayDebug\Debug\link.58164-cvtres.read.1.tlog
C:\Projects\Bluetooth_Car\SaturdayDebug\SaturdayDebug\Debug\link.58164-cvtres.write.1.tlog
C:\Projects\Bluetooth_Car\SaturdayDebug\SaturdayDebug\Debug\link.59192.read.1.tlog
C:\Projects\Bluetooth_Car\SaturdayDebug\SaturdayDebug\Debug\link.59192.write.1.tlog
C:\Projects\Bluetooth_Car\SaturdayDebug\SaturdayDebug\Debug\link.59192-cvtres.read.1.tlog
C:\Projects\Bluetooth_Car\SaturdayDebug\SaturdayDebug\Debug\link.59192-cvtres.write.1.tlog
C:\Projects\Bluetooth_Car\SaturdayDebug\SaturdayDebug\Debug\link.command.1.tlog
C:\Projects\Bluetooth_Car\SaturdayDebug\SaturdayDebug\Debug\link.read.1.tlog
C:\Projects\Bluetooth_Car\SaturdayDebug\SaturdayDebug\Debug\link.write.1.tlog
C:\Projects\Bluetooth_Car\SaturdayDebug\SaturdayDebug\Debug\mt.command.1.tlog
C:\Projects\Bluetooth_Car\SaturdayDebug\SaturdayDebug\Debug\mt.read.1.tlog
C:\Projects\Bluetooth_Car\SaturdayDebug\SaturdayDebug\Debug\mt.write.1.tlog
C:\Projects\Bluetooth_Car\SaturdayDebug\SaturdayDebug\Debug\rc.command.1.tlog
C:\Projects\Bluetooth_Car\SaturdayDebug\SaturdayDebug\Debug\rc.read.1.tlog
C:\Projects\Bluetooth_Car\SaturdayDebug\SaturdayDebug\Debug\rc.write.1.tlog
C:\PROJECTS\BLUETOOTH_CAR\SATURDAYDEBUG\SATURDAYDEBUG\DEBUG\SATURDAYDEBUG.EXE.INTERMEDIATE.MANIFEST
C:\PROJECTS\BLUETOOTH_CAR\SATURDAYDEBUG\SATURDAYDEBUG\DEBUG\SATURDAYDEBUG.OBJ
C:\PROJECTS\BLUETOOTH_CAR\SATURDAYDEBUG\SATURDAYDEBUG\DEBUG\SATURDAYDEBUG.PCH
C:\Projects\Bluetooth_Car\SaturdayDebug\SaturdayDebug\Debug\SaturdayDebug.write.1.tlog
C:\PROJECTS\BLUETOOTH_CAR\SATURDAYDEBUG\SATURDAYDEBUG\DEBUG\STDAFX.OBJ
C:\PROJECTS\BLUETOOTH_CAR\SATURDAYDEBUG\SATURDAYDEBUG\DEBUG\VC100.PDB
